<?xml version="1.0" encoding="UTF-8"?>
<testng-results ignored="0" total="1" passed="1" failed="0" skipped="0">
  <reporter-output>
  </reporter-output>
  <suite started-at="2023-03-13T12:32:35 IST" name="Default suite" finished-at="2023-03-13T12:32:36 IST" duration-ms="79">
    <groups>
    </groups>
    <test started-at="2023-03-13T12:32:35 IST" name="Default test" finished-at="2023-03-13T12:32:36 IST" duration-ms="79">
      <class name="ustbatchno3.TestNG.EmployeeTest">
        <test-method signature="testemp()[pri:0, instance:ustbatchno3.TestNG.EmployeeTest@71b1176b]" started-at="2023-03-13T12:32:35 IST" name="testemp" finished-at="2023-03-13T12:32:35 IST" duration-ms="16" status="PASS">
          <reporter-output>
          </reporter-output>
        </test-method> <!-- testemp -->
      </class> <!-- ustbatchno3.TestNG.EmployeeTest -->
    </test> <!-- Default test -->
  </suite> <!-- Default suite -->
</testng-results>
